<?xml version="1.0" encoding="UTF-8"?>
<!-- Generated by org.testng.reporters.JUnitReportReporter -->
<testsuite skipped="0" hostname="HP" name="first.calender2" tests="1" failures="0" timestamp="28 Nov 2020 06:57:29 GMT" time="7.678" errors="0">
  <testcase name="dateTimePicker" time="7.678" classname="first.calender2"/>
</testsuite> <!-- first.calender2 -->
