<?xml version="1.0" encoding="UTF-8"?>
<!-- Generated by org.testng.reporters.JUnitReportReporter -->
<testsuite skipped="0" hostname="HP" name="test.test2" tests="1" failures="0" timestamp="28 Nov 2020 12:23:09 GMT" time="0.000" errors="0">
  <testcase name="m1" time="0.000" classname="test.test2"/>
</testsuite> <!-- test.test2 -->
