<?xml version="1.0" encoding="UTF-8"?>
<!-- Generated by org.testng.reporters.JUnitReportReporter -->
<testsuite hostname="HP" failures="0" tests="1" name="Select1.demo2" time="37.191" errors="0" timestamp="05 Dec 2020 06:28:29 GMT" skipped="0">
  <testcase classname="Select1.demo2" name="m" time="37.191"/>
</testsuite> <!-- Select1.demo2 -->
