<?xml version="1.0" encoding="UTF-8"?>
<!-- Generated by org.testng.reporters.JUnitReportReporter -->
<testsuite hostname="HP" failures="0" tests="1" name="ExtendReport.Test" time="0.011" errors="0" timestamp="10 Dec 2020 10:17:29 GMT" skipped="0">
  <testcase classname="ExtendReport.Test" name="testMethodOne" time="0.011"/>
</testsuite> <!-- ExtendReport.Test -->
