<?xml version="1.0" encoding="UTF-8"?>
<!-- Generated by org.testng.reporters.JUnitReportReporter -->
<testsuite hostname="HP" failures="0" tests="1" name="ParameterPassing.Test1" time="0.000" errors="0" timestamp="02 Mar 2021 07:24:56 GMT" skipped="0">
  <testcase classname="ParameterPassing.Test1" name="f" time="0.000"/>
</testsuite> <!-- ParameterPassing.Test1 -->
