<?xml version="1.0" encoding="UTF-8"?>
<!-- Generated by org.testng.reporters.JUnitReportReporter -->
<testsuite hostname="HP" failures="0" tests="1" name="Select1.demo3" time="5.841" errors="0" timestamp="07 Dec 2020 05:27:40 GMT" skipped="0">
  <testcase classname="Select1.demo3" name="m1" time="5.841"/>
</testsuite> <!-- Select1.demo3 -->
