<?xml version="1.0" encoding="UTF-8"?>
<!-- Generated by org.testng.reporters.JUnitReportReporter -->
<testsuite hostname="HP" failures="0" tests="1" name="datadriven.demo1" time="0.609" errors="0" timestamp="08 Dec 2020 09:51:32 GMT" skipped="0">
  <testcase classname="datadriven.demo1" name="m" time="0.609"/>
</testsuite> <!-- datadriven.demo1 -->
