<?xml version="1.0" encoding="UTF-8"?>
<!-- Generated by org.testng.reporters.JUnitReportReporter -->
<testsuite hostname="HP" failures="0" tests="1" name="ParameterPassing.demo" time="0.016" errors="0" timestamp="04 Mar 2021 05:42:12 GMT" skipped="0">
  <testcase classname="ParameterPassing.demo" name="m" time="0.016"/>
</testsuite> <!-- ParameterPassing.demo -->
