<?xml version="1.0" encoding="UTF-8"?>
<!-- Generated by org.testng.reporters.JUnitReportReporter -->
<testsuite hostname="HP" failures="0" tests="1" name="webtable.StaticTable" time="3.650" errors="0" timestamp="15 Dec 2020 11:12:08 GMT" skipped="0">
  <testcase classname="webtable.StaticTable" name="m" time="3.650"/>
</testsuite> <!-- webtable.StaticTable -->
