<?xml version="1.0" encoding="UTF-8"?>
<!-- Generated by org.testng.reporters.JUnitReportReporter -->
<testsuite hostname="HP" failures="0" tests="3" name="dependanceOnMethod.demo1" time="0.014" errors="0" timestamp="11 Dec 2020 06:26:58 GMT" skipped="0">
  <testcase classname="dependanceOnMethod.demo1" name="z" time="0.009"/>
  <testcase classname="dependanceOnMethod.demo1" name="c" time="0.002"/>
  <testcase classname="dependanceOnMethod.demo1" name="m" time="0.003"/>
</testsuite> <!-- dependanceOnMethod.demo1 -->
