<?xml version="1.0" encoding="UTF-8"?>
<!-- Generated by org.testng.reporters.JUnitReportReporter -->
<testsuite hostname="HP" failures="0" tests="1" name="google.demo11" time="4.102" errors="0" timestamp="12 Dec 2020 05:52:16 GMT" skipped="0">
  <testcase classname="google.demo11" name="m1" time="4.102"/>
</testsuite> <!-- google.demo11 -->
