<?xml version="1.0" encoding="UTF-8"?>
<!-- Generated by org.testng.reporters.JUnitReportReporter -->
<testsuite skipped="0" hostname="HP" name="first.dropdown" tests="4" failures="0" timestamp="28 Oct 2020 10:05:18 GMT" time="27.740" errors="0">
  <testcase name="m1" time="9.505" classname="first.dropdown"/>
  <testcase name="m3" time="5.112" classname="first.dropdown"/>
  <testcase name="m2" time="5.697" classname="first.dropdown"/>
  <testcase name="m4" time="7.426" classname="first.dropdown"/>
</testsuite> <!-- first.dropdown -->
