<?xml version="1.0" encoding="UTF-8"?>
<!-- Generated by org.testng.reporters.JUnitReportReporter -->
<testsuite skipped="0" hostname="HP" name="first.Calender4" tests="1" failures="0" timestamp="30 Nov 2020 09:10:36 GMT" time="68.331" errors="0">
  <testcase name="dateTimePicker" time="68.331" classname="first.Calender4"/>
</testsuite> <!-- first.Calender4 -->
