<?xml version="1.0" encoding="UTF-8"?>
<!-- Generated by org.testng.reporters.JUnitReportReporter -->
<testsuite skipped="0" hostname="HP" name="first.CalenderHandling" tests="1" failures="0" timestamp="30 Nov 2020 05:40:27 GMT" time="4.130" errors="0">
  <testcase name="dateTimePicker" time="4.130" classname="first.CalenderHandling"/>
</testsuite> <!-- first.CalenderHandling -->
