<?xml version="1.0" encoding="UTF-8"?>
<!-- Generated by org.testng.reporters.JUnitReportReporter -->
<testsuite skipped="0" hostname="HP" name="Inheritance.test2" tests="2" failures="0" timestamp="06 Nov 2020 05:57:04 GMT" time="0.017" errors="0">
  <testcase name="f" time="0.011" classname="Inheritance.test2"/>
  <testcase name="f1" time="0.006" classname="Inheritance.test2"/>
</testsuite> <!-- Inheritance.test2 -->
