<?xml version="1.0" encoding="UTF-8"?>
<!-- Generated by org.testng.reporters.JUnitReportReporter -->
<testsuite skipped="0" hostname="HP" name="first.HandleSpinner" tests="1" failures="0" timestamp="27 Nov 2020 09:55:15 GMT" time="5.335" errors="0">
  <testcase name="m1" time="5.335" classname="first.HandleSpinner"/>
</testsuite> <!-- first.HandleSpinner -->
