<?xml version="1.0" encoding="UTF-8"?>
<!-- Generated by org.testng.reporters.JUnitReportReporter -->
<testsuite hostname="HP" failures="0" tests="1" name="pack1.IreportTest" time="0.010" errors="0" timestamp="09 Dec 2020 10:56:19 GMT" skipped="0">
  <testcase classname="pack1.IreportTest" name="testMethodOne" time="0.010"/>
</testsuite> <!-- pack1.IreportTest -->
