<?xml version="1.0" encoding="UTF-8"?>
<!-- Generated by org.testng.reporters.JUnitReportReporter -->
<testsuite skipped="0" hostname="HP" name="first.currentDate" tests="1" failures="0" timestamp="28 Nov 2020 06:51:50 GMT" time="0.019" errors="0">
  <testcase name="m1" time="0.019" classname="first.currentDate"/>
</testsuite> <!-- first.currentDate -->
