<?xml version="1.0" encoding="UTF-8"?>
<!-- Generated by org.testng.reporters.JUnitReportReporter -->
<testsuite hostname="HP" failures="0" tests="1" name="handlemultipleWindow.demo" time="7.354" errors="0" timestamp="07 Dec 2020 10:23:52 GMT" skipped="0">
  <testcase classname="handlemultipleWindow.demo" name="m1" time="7.354"/>
</testsuite> <!-- handlemultipleWindow.demo -->
