<?xml version="1.0" encoding="UTF-8"?>
<!-- Generated by org.testng.reporters.JUnitReportReporter -->
<testsuite skipped="0" hostname="HP" name="first.calender3" tests="1" failures="0" timestamp="30 Nov 2020 05:35:28 GMT" time="9.270" errors="0">
  <testcase name="dateTimePicker" time="9.270" classname="first.calender3"/>
</testsuite> <!-- first.calender3 -->
