<?xml version="1.0" encoding="UTF-8"?>
<!-- Generated by org.testng.reporters.JUnitReportReporter -->
<testsuite hostname="HP" failures="0" tests="2" name="extendreportTest.extentreporttest" time="14.591" errors="0" timestamp="09 Dec 2020 11:26:52 GMT" skipped="0">
  <testcase classname="extendreportTest.extentreporttest" name="test2" time="11.618"/>
  <testcase classname="extendreportTest.extentreporttest" name="test1" time="2.973"/>
</testsuite> <!-- extendreportTest.extentreporttest -->
