<?xml version="1.0" encoding="UTF-8"?>
<!-- Generated by org.testng.reporters.JUnitReportReporter -->
<testsuite hostname="HP" failures="0" tests="1" name="Select1.demo1" time="9.382" errors="0" timestamp="07 Dec 2020 10:51:40 GMT" skipped="0">
  <testcase classname="Select1.demo1" name="m1" time="9.382"/>
</testsuite> <!-- Select1.demo1 -->
