<?xml version="1.0" encoding="UTF-8"?>
<!-- Generated by org.testng.reporters.JUnitReportReporter -->
<testsuite hostname="HP" failures="0" tests="1" name="datadriven.demo2" time="0.739" errors="0" timestamp="08 Dec 2020 09:51:18 GMT" skipped="0">
  <testcase classname="datadriven.demo2" name="m" time="0.739"/>
</testsuite> <!-- datadriven.demo2 -->
