<?xml version="1.0" encoding="UTF-8"?>
<!-- Generated by org.testng.reporters.JUnitReportReporter -->
<testsuite skipped="0" hostname="HP" name="first.ActionClass" tests="2" failures="0" timestamp="28 Oct 2020 10:20:58 GMT" time="71.354" errors="0">
  <testcase name="m1" time="71.070" classname="first.ActionClass"/>
  <testcase name="m2" time="0.284" classname="first.ActionClass"/>
</testsuite> <!-- first.ActionClass -->
