<?xml version="1.0" encoding="UTF-8"?>
<!-- Generated by org.testng.reporters.JUnitReportReporter -->
<testsuite hostname="HP" failures="0" tests="1" name="dropDownWithoutSelect.demo1" time="6.943" errors="0" timestamp="12 Dec 2020 06:29:25 GMT" skipped="0">
  <testcase classname="dropDownWithoutSelect.demo1" name="m1" time="6.943"/>
</testsuite> <!-- dropDownWithoutSelect.demo1 -->
