<?xml version="1.0" encoding="UTF-8"?>
<!-- Generated by org.testng.reporters.JUnitReportReporter -->
<testsuite hostname="HP" failures="0" tests="1" name="iframe1.demo" time="10.759" errors="0" timestamp="07 Dec 2020 09:39:25 GMT" skipped="0">
  <testcase classname="iframe1.demo" name="m1" time="10.759"/>
</testsuite> <!-- iframe1.demo -->
