<?xml version="1.0" encoding="UTF-8"?>
<!-- Generated by org.testng.reporters.JUnitReportReporter -->
<testsuite skipped="0" hostname="HP" name="first.GetTextOnTextbox" tests="1" failures="0" timestamp="01 Dec 2020 07:23:00 GMT" time="3.978" errors="0">
  <testcase name="m1" time="3.978" classname="first.GetTextOnTextbox"/>
</testsuite> <!-- first.GetTextOnTextbox -->
